[08:47:34] [main/INFO]: Environment: authHost='https://authserver.mojang.com', accountsHost='https://api.mojang.com', sessionHost='https://sessionserver.mojang.com', servicesHost='https://api.minecraftservices.com', name='PROD'
[08:47:35] [main/WARN]: Ambiguity between arguments [teleport, destination] and [teleport, targets] with inputs: [Player, 0123, @e, dd12be42-52a9-4a91-a8a1-11c01849e498]
[08:47:35] [main/WARN]: Ambiguity between arguments [teleport, location] and [teleport, destination] with inputs: [0.1 -0.5 .9, 0 0 0]
[08:47:35] [main/WARN]: Ambiguity between arguments [teleport, location] and [teleport, targets] with inputs: [0.1 -0.5 .9, 0 0 0]
[08:47:35] [main/WARN]: Ambiguity between arguments [teleport, targets] and [teleport, destination] with inputs: [Player, 0123, dd12be42-52a9-4a91-a8a1-11c01849e498]
[08:47:35] [main/WARN]: Ambiguity between arguments [teleport, targets, location] and [teleport, targets, destination] with inputs: [0.1 -0.5 .9, 0 0 0]
[08:47:35] [main/INFO]: Reloading ResourceManager: Default
[08:47:37] [Worker-Main-2/INFO]: Loaded 7 recipes
[08:47:37] [Worker-Main-2/INFO]: Loaded 987 advancements
[08:47:40] [Server thread/INFO]: Starting minecraft server version 20w49a
[08:47:40] [Server thread/INFO]: Loading properties
[08:47:40] [Server thread/INFO]: Default game type: SURVIVAL
[08:47:40] [Server thread/INFO]: Generating keypair
[08:47:40] [Server thread/INFO]: Starting Minecraft server on *:25565
[08:47:40] [Server thread/INFO]: Using epoll channel type
[08:47:41] [Server thread/INFO]: Preparing level "world"
[08:47:50] [Server thread/INFO]: Preparing start region for dimension minecraft:overworld
[08:47:50] [Worker-Main-2/INFO]: Preparing spawn area: 0%
[08:47:50] [Worker-Main-2/INFO]: Preparing spawn area: 0%
[08:47:51] [Worker-Main-2/INFO]: Preparing spawn area: 0%
[08:47:51] [Worker-Main-2/INFO]: Preparing spawn area: 0%
[08:47:52] [Worker-Main-2/INFO]: Preparing spawn area: 0%
[08:47:52] [Worker-Main-2/INFO]: Preparing spawn area: 0%
[08:47:53] [Worker-Main-2/INFO]: Preparing spawn area: 0%
[08:47:53] [Worker-Main-2/INFO]: Preparing spawn area: 0%
[08:47:54] [Worker-Main-2/INFO]: Preparing spawn area: 0%
[08:47:54] [Worker-Main-2/INFO]: Preparing spawn area: 1%
[08:47:55] [Worker-Main-2/INFO]: Preparing spawn area: 1%
[08:47:55] [Worker-Main-2/INFO]: Preparing spawn area: 1%
[08:47:56] [Worker-Main-2/INFO]: Preparing spawn area: 1%
[08:47:56] [Worker-Main-2/INFO]: Preparing spawn area: 1%
[08:47:57] [Worker-Main-2/INFO]: Preparing spawn area: 1%
[08:47:57] [Worker-Main-2/INFO]: Preparing spawn area: 1%
[08:47:58] [Worker-Main-2/INFO]: Preparing spawn area: 2%
[08:47:58] [Worker-Main-2/INFO]: Preparing spawn area: 2%
[08:47:59] [Worker-Main-2/INFO]: Preparing spawn area: 3%
[08:47:59] [Worker-Main-2/INFO]: Preparing spawn area: 4%
[08:48:00] [Worker-Main-2/INFO]: Preparing spawn area: 4%
[08:48:00] [Worker-Main-2/INFO]: Preparing spawn area: 5%
[08:48:01] [Worker-Main-2/INFO]: Preparing spawn area: 6%
[08:48:01] [Worker-Main-2/INFO]: Preparing spawn area: 8%
[08:48:02] [Worker-Main-2/INFO]: Preparing spawn area: 9%
[08:48:02] [Worker-Main-2/INFO]: Preparing spawn area: 9%
[08:48:03] [Worker-Main-2/INFO]: Preparing spawn area: 9%
[08:48:03] [Worker-Main-2/INFO]: Preparing spawn area: 9%
[08:48:04] [Worker-Main-2/INFO]: Preparing spawn area: 12%
[08:48:04] [Worker-Main-2/INFO]: Preparing spawn area: 14%
[08:48:05] [Worker-Main-2/INFO]: Preparing spawn area: 15%
[08:48:05] [Worker-Main-2/INFO]: Preparing spawn area: 15%
[08:48:06] [Worker-Main-2/INFO]: Preparing spawn area: 15%
[08:48:06] [Worker-Main-2/INFO]: Preparing spawn area: 16%
[08:48:07] [Worker-Main-2/INFO]: Preparing spawn area: 17%
[08:48:07] [Worker-Main-2/INFO]: Preparing spawn area: 19%
[08:48:08] [Worker-Main-2/INFO]: Preparing spawn area: 22%
[08:48:08] [Worker-Main-2/INFO]: Preparing spawn area: 22%
[08:48:09] [Worker-Main-2/INFO]: Preparing spawn area: 23%
[08:48:09] [Worker-Main-2/INFO]: Preparing spawn area: 23%
[08:48:10] [Worker-Main-2/INFO]: Preparing spawn area: 23%
[08:48:10] [Worker-Main-2/INFO]: Preparing spawn area: 24%
[08:48:11] [Worker-Main-2/INFO]: Preparing spawn area: 26%
[08:48:11] [Worker-Main-2/INFO]: Preparing spawn area: 29%
[08:48:12] [Worker-Main-2/INFO]: Preparing spawn area: 31%
[08:48:12] [Worker-Main-2/INFO]: Preparing spawn area: 31%
[08:48:13] [Worker-Main-2/INFO]: Preparing spawn area: 33%
[08:48:13] [Worker-Main-2/INFO]: Preparing spawn area: 34%
[08:48:14] [Worker-Main-2/INFO]: Preparing spawn area: 35%
[08:48:14] [Worker-Main-2/INFO]: Preparing spawn area: 36%
[08:48:15] [Worker-Main-2/INFO]: Preparing spawn area: 36%
[08:48:15] [Worker-Main-2/INFO]: Preparing spawn area: 37%
[08:48:16] [Worker-Main-2/INFO]: Preparing spawn area: 42%
[08:48:16] [Worker-Main-2/INFO]: Preparing spawn area: 43%
[08:48:17] [Worker-Main-2/INFO]: Preparing spawn area: 44%
[08:48:17] [Worker-Main-2/INFO]: Preparing spawn area: 45%
[08:48:18] [Worker-Main-2/INFO]: Preparing spawn area: 45%
[08:48:18] [Worker-Main-2/INFO]: Preparing spawn area: 48%
[08:48:19] [Worker-Main-2/INFO]: Preparing spawn area: 48%
[08:48:19] [Worker-Main-2/INFO]: Preparing spawn area: 50%
[08:48:20] [Worker-Main-2/INFO]: Preparing spawn area: 52%
[08:48:20] [Worker-Main-2/INFO]: Preparing spawn area: 53%
[08:48:21] [Worker-Main-2/INFO]: Preparing spawn area: 54%
[08:48:21] [Worker-Main-2/INFO]: Preparing spawn area: 55%
[08:48:22] [Worker-Main-2/INFO]: Preparing spawn area: 56%
[08:48:22] [Worker-Main-2/INFO]: Preparing spawn area: 58%
[08:48:23] [Worker-Main-2/INFO]: Preparing spawn area: 60%
[08:48:23] [Worker-Main-2/INFO]: Preparing spawn area: 62%
[08:48:24] [Worker-Main-2/INFO]: Preparing spawn area: 64%
[08:48:24] [Worker-Main-2/INFO]: Preparing spawn area: 65%
[08:48:25] [Worker-Main-2/INFO]: Preparing spawn area: 67%
[08:48:25] [Worker-Main-2/INFO]: Preparing spawn area: 68%
[08:48:26] [Worker-Main-2/INFO]: Preparing spawn area: 70%
[08:48:26] [Worker-Main-2/INFO]: Preparing spawn area: 71%
[08:48:27] [Worker-Main-2/INFO]: Preparing spawn area: 72%
[08:48:27] [Worker-Main-2/INFO]: Preparing spawn area: 74%
[08:48:28] [Worker-Main-2/INFO]: Preparing spawn area: 75%
[08:48:28] [Worker-Main-2/INFO]: Preparing spawn area: 76%
[08:48:29] [Worker-Main-2/INFO]: Preparing spawn area: 77%
[08:48:29] [Worker-Main-2/INFO]: Preparing spawn area: 80%
[08:48:30] [Worker-Main-2/INFO]: Preparing spawn area: 82%
[08:48:30] [Worker-Main-2/INFO]: Preparing spawn area: 83%
[08:48:31] [Worker-Main-2/INFO]: Preparing spawn area: 84%
[08:48:31] [Worker-Main-2/INFO]: Preparing spawn area: 88%
[08:48:32] [Worker-Main-2/INFO]: Preparing spawn area: 90%
[08:48:32] [Worker-Main-2/INFO]: Preparing spawn area: 91%
[08:48:33] [Worker-Main-2/INFO]: Preparing spawn area: 92%
[08:48:33] [Worker-Main-2/INFO]: Preparing spawn area: 93%
[08:48:34] [Worker-Main-2/INFO]: Preparing spawn area: 94%
[08:48:34] [Worker-Main-2/INFO]: Preparing spawn area: 96%
[08:48:35] [Worker-Main-2/INFO]: Preparing spawn area: 98%
[08:48:35] [Server thread/INFO]: Time elapsed: 45057 ms
[08:48:35] [Server thread/INFO]: Done (53.858s)! For help, type "help"
[08:48:59] [Server thread/INFO]: Stopping the server
[08:48:59] [Server thread/INFO]: Stopping server
[08:48:59] [Server thread/INFO]: Saving players
[08:48:59] [Server thread/INFO]: Saving worlds
[08:48:59] [Server thread/INFO]: Saving chunks for level 'ServerLevel[world]'/minecraft:overworld
[08:49:02] [Server thread/INFO]: ThreadedAnvilChunkStorage (world): All chunks are saved
[08:49:02] [Server thread/INFO]: Saving chunks for level 'ServerLevel[world]'/minecraft:the_nether
[08:49:02] [Server thread/INFO]: ThreadedAnvilChunkStorage (DIM-1): All chunks are saved
[08:49:02] [Server thread/INFO]: Saving chunks for level 'ServerLevel[world]'/minecraft:the_end
[08:49:02] [Server thread/INFO]: ThreadedAnvilChunkStorage (DIM1): All chunks are saved
[08:49:02] [Server thread/INFO]: ThreadedAnvilChunkStorage (world): All chunks are saved
[08:49:02] [Server thread/INFO]: ThreadedAnvilChunkStorage (DIM-1): All chunks are saved
[08:49:02] [Server thread/INFO]: ThreadedAnvilChunkStorage (DIM1): All chunks are saved
